#
# A fatal error has been detected by the Java Runtime Environment:
#
#  Internal Error (javaClasses.cpp:139), pid=5281, tid=140675167037184
#  fatal error: Invalid layout of preloaded class
#
# JRE version:  (7.0_65-b32) (build )
# Java VM: OpenJDK 64-Bit Server VM (24.65-b04 mixed mode linux-amd64 compressed oops)
# Derivative: IcedTea 2.5.2
# Distribution: Custom build (Mon Sep 15 19:52:20 UTC 2014)
# Failed to write core dump. Core dumps have been disabled. To enable core dumping, try "ulimit -c unlimited" before starting Java again
#
# If you would like to submit a bug report, please include
# instructions on how to reproduce the bug and visit:
#   http://icedtea.classpath.org/bugzilla
#

---------------  T H R E A D  ---------------

Current thread (0x00007ff174009000):  JavaThread "Unknown thread" [_thread_in_vm, id=5288, stack(0x00007ff17d4c2000,0x00007ff17d5c3000)]

Stack: [0x00007ff17d4c2000,0x00007ff17d5c3000],  sp=0x00007ff17d5c1940,  free space=1022k
Native frames: (J=compiled Java code, j=interpreted, Vv=VM code, C=native code)
V  [libjvm.so+0x97b736]
V  [libjvm.so+0x48c1f2]
V  [libjvm.so+0x5f805f]
V  [libjvm.so+0x5f8146]
V  [libjvm.so+0x8f9dbc]
V  [libjvm.so+0x945588]
V  [libjvm.so+0x945b83]
V  [libjvm.so+0x5aada8]
V  [libjvm.so+0x92712f]
V  [libjvm.so+0x61a070]  JNI_CreateJavaVM+0x60
C  [libjli.so+0x29bf]


---------------  P R O C E S S  ---------------

Java Threads: ( => current thread )

Other Threads:

=>0x00007ff174009000 (exited) JavaThread "Unknown thread" [_thread_in_vm, id=5288, stack(0x00007ff17d4c2000,0x00007ff17d5c3000)]

VM state:not at safepoint (not fully initialized)

VM Mutex/Monitor currently owned by a thread: None

GC Heap History (0 events):
No events

Deoptimization events (0 events):
No events

Internal exceptions (0 events):
No events

Events (10 events):
Event: 0.013 loading class 0x00007ff1786376f0 done
Event: 0.013 loading class 0x00007ff178637110 done
Event: 0.013 loading class 0x00007ff1786370f0
Event: 0.013 loading class 0x00007ff17863f180
Event: 0.013 loading class 0x00007ff17863f180 done
Event: 0.013 loading class 0x00007ff17863f1b0
Event: 0.013 loading class 0x00007ff17863f1b0 done
Event: 0.013 loading class 0x00007ff17863f1e0
Event: 0.013 loading class 0x00007ff17863f1e0 done
Event: 0.014 loading class 0x00007ff1786370f0 done


Dynamic libraries:
00400000-00401000 r-xp 00000000 08:01 692371                             /usr/lib/jvm/java-7-openjdk/jre/bin/java
00600000-00601000 rw-p 00000000 08:01 692371                             /usr/lib/jvm/java-7-openjdk/jre/bin/java
01687000-016a8000 rw-p 00000000 00:00 0                                  [heap]
cc000000-cd500000 rw-p 00000000 00:00 0 
cd500000-d6600000 rw-p 00000000 00:00 0 
d6600000-d7a80000 rw-p 00000000 00:00 0 
d7a80000-f2200000 rw-p 00000000 00:00 0 
f2200000-f2c80000 rw-p 00000000 00:00 0 
f2c80000-100000000 rw-p 00000000 00:00 0 
7ff164000000-7ff164021000 rw-p 00000000 00:00 0 
7ff164021000-7ff168000000 ---p 00000000 00:00 0 
7ff16c000000-7ff16c021000 rw-p 00000000 00:00 0 
7ff16c021000-7ff170000000 ---p 00000000 00:00 0 
7ff171000000-7ff171270000 rwxp 00000000 00:00 0 
7ff171270000-7ff174051000 rw-p 00000000 00:00 0 
7ff174051000-7ff178000000 ---p 00000000 00:00 0 
7ff1784c3000-7ff1784ea000 rw-p 00000000 00:00 0 
7ff1784ea000-7ff1785c1000 r--s 013fe000 08:01 141674                     /opt/android-sdk/platforms/android-19/android.jar
7ff1785c1000-7ff17a25a000 rw-p 00000000 00:00 0 
7ff17a25a000-7ff17a25b000 ---p 00000000 00:00 0 
7ff17a25b000-7ff17a35b000 rw-p 00000000 00:00 0                          [stack:5290]
7ff17a35b000-7ff17a35c000 ---p 00000000 00:00 0 
7ff17a35c000-7ff17a467000 rw-p 00000000 00:00 0                          [stack:5289]
7ff17a467000-7ff17a4af000 rw-p 00000000 00:00 0 
7ff17a4af000-7ff17a4ba000 rw-p 00000000 00:00 0 
7ff17a4ba000-7ff17a58d000 rw-p 00000000 00:00 0 
7ff17a58d000-7ff17a598000 rw-p 00000000 00:00 0 
7ff17a598000-7ff17a5e0000 rw-p 00000000 00:00 0 
7ff17a5e0000-7ff17a5eb000 rw-p 00000000 00:00 0 
7ff17a5eb000-7ff17a6be000 rw-p 00000000 00:00 0 
7ff17a6be000-7ff17a6c4000 rw-p 00000000 00:00 0 
7ff17a6c4000-7ff17a72d000 rw-p 00000000 00:00 0 
7ff17a72d000-7ff17a72e000 rw-p 00000000 00:00 0 
7ff17a72e000-7ff17a736000 r-xp 00000000 08:01 692344                     /usr/lib/jvm/java-7-openjdk/jre/lib/amd64/libzip.so
7ff17a736000-7ff17a935000 ---p 00008000 08:01 692344                     /usr/lib/jvm/java-7-openjdk/jre/lib/amd64/libzip.so
7ff17a935000-7ff17a936000 rw-p 00007000 08:01 692344                     /usr/lib/jvm/java-7-openjdk/jre/lib/amd64/libzip.so
7ff17a936000-7ff17a941000 r-xp 00000000 08:01 656047                     /usr/lib/libnss_files-2.19.so
7ff17a941000-7ff17ab40000 ---p 0000b000 08:01 656047                     /usr/lib/libnss_files-2.19.so
7ff17ab40000-7ff17ab41000 r--p 0000a000 08:01 656047                     /usr/lib/libnss_files-2.19.so
7ff17ab41000-7ff17ab42000 rw-p 0000b000 08:01 656047                     /usr/lib/libnss_files-2.19.so
7ff17ab42000-7ff17ab6e000 r-xp 00000000 08:01 692343                     /usr/lib/jvm/java-7-openjdk/jre/lib/amd64/libjava.so
7ff17ab6e000-7ff17ad6d000 ---p 0002c000 08:01 692343                     /usr/lib/jvm/java-7-openjdk/jre/lib/amd64/libjava.so
7ff17ad6d000-7ff17ad6f000 rw-p 0002b000 08:01 692343                     /usr/lib/jvm/java-7-openjdk/jre/lib/amd64/libjava.so
7ff17ad6f000-7ff17ad7c000 r-xp 00000000 08:01 692342                     /usr/lib/jvm/java-7-openjdk/jre/lib/amd64/libverify.so
7ff17ad7c000-7ff17af7b000 ---p 0000d000 08:01 692342                     /usr/lib/jvm/java-7-openjdk/jre/lib/amd64/libverify.so
7ff17af7b000-7ff17af7d000 rw-p 0000c000 08:01 692342                     /usr/lib/jvm/java-7-openjdk/jre/lib/amd64/libverify.so
7ff17af7d000-7ff17af84000 r-xp 00000000 08:01 656048                     /usr/lib/librt-2.19.so
7ff17af84000-7ff17b183000 ---p 00007000 08:01 656048                     /usr/lib/librt-2.19.so
7ff17b183000-7ff17b184000 r--p 00006000 08:01 656048                     /usr/lib/librt-2.19.so
7ff17b184000-7ff17b185000 rw-p 00007000 08:01 656048                     /usr/lib/librt-2.19.so
7ff17b185000-7ff17b19b000 r-xp 00000000 08:01 659318                     /usr/lib/libgcc_s.so.1
7ff17b19b000-7ff17b39a000 ---p 00016000 08:01 659318                     /usr/lib/libgcc_s.so.1
7ff17b39a000-7ff17b39b000 rw-p 00015000 08:01 659318                     /usr/lib/libgcc_s.so.1
7ff17b39b000-7ff17b49e000 r-xp 00000000 08:01 656010                     /usr/lib/libm-2.19.so
7ff17b49e000-7ff17b69d000 ---p 00103000 08:01 656010                     /usr/lib/libm-2.19.so
7ff17b69d000-7ff17b69e000 r--p 00102000 08:01 656010                     /usr/lib/libm-2.19.so
7ff17b69e000-7ff17b69f000 rw-p 00103000 08:01 656010                     /usr/lib/libm-2.19.so
7ff17b69f000-7ff17b78f000 r-xp 00000000 08:01 659322                     /usr/lib/libstdc++.so.6.0.20
7ff17b78f000-7ff17b98f000 ---p 000f0000 08:01 659322                     /usr/lib/libstdc++.so.6.0.20
7ff17b98f000-7ff17b997000 r--p 000f0000 08:01 659322                     /usr/lib/libstdc++.so.6.0.20
7ff17b997000-7ff17b999000 rw-p 000f8000 08:01 659322                     /usr/lib/libstdc++.so.6.0.20
7ff17b999000-7ff17b9ae000 rw-p 00000000 00:00 0 
7ff17b9ae000-7ff17c4f6000 r-xp 00000000 08:01 137905                     /usr/lib/jvm/java-7-openjdk/jre/lib/amd64/server/libjvm.so
7ff17c4f6000-7ff17c6f5000 ---p 00b48000 08:01 137905                     /usr/lib/jvm/java-7-openjdk/jre/lib/amd64/server/libjvm.so
7ff17c6f5000-7ff17c7b7000 rw-p 00b47000 08:01 137905                     /usr/lib/jvm/java-7-openjdk/jre/lib/amd64/server/libjvm.so
7ff17c7b7000-7ff17c7e3000 rw-p 00000000 00:00 0 
7ff17c7e3000-7ff17c7f8000 r-xp 00000000 08:01 659068                     /usr/lib/libz.so.1.2.8
7ff17c7f8000-7ff17c9f7000 ---p 00015000 08:01 659068                     /usr/lib/libz.so.1.2.8
7ff17c9f7000-7ff17c9f8000 r--p 00014000 08:01 659068                     /usr/lib/libz.so.1.2.8
7ff17c9f8000-7ff17c9f9000 rw-p 00015000 08:01 659068                     /usr/lib/libz.so.1.2.8
7ff17c9f9000-7ff17cb9d000 r-xp 00000000 08:01 656054                     /usr/lib/libc-2.19.so
7ff17cb9d000-7ff17cd9d000 ---p 001a4000 08:01 656054                     /usr/lib/libc-2.19.so
7ff17cd9d000-7ff17cda1000 r--p 001a4000 08:01 656054                     /usr/lib/libc-2.19.so
7ff17cda1000-7ff17cda3000 rw-p 001a8000 08:01 656054                     /usr/lib/libc-2.19.so
7ff17cda3000-7ff17cda7000 rw-p 00000000 00:00 0 
7ff17cda7000-7ff17cdaa000 r-xp 00000000 08:01 656019                     /usr/lib/libdl-2.19.so
7ff17cdaa000-7ff17cfa9000 ---p 00003000 08:01 656019                     /usr/lib/libdl-2.19.so
7ff17cfa9000-7ff17cfaa000 r--p 00002000 08:01 656019                     /usr/lib/libdl-2.19.so
7ff17cfaa000-7ff17cfab000 rw-p 00003000 08:01 656019                     /usr/lib/libdl-2.19.so
7ff17cfab000-7ff17cfb8000 r-xp 00000000 08:01 137898                     /usr/lib/jvm/java-7-openjdk/jre/lib/amd64/jli/libjli.so
7ff17cfb8000-7ff17d1b7000 ---p 0000d000 08:01 137898                     /usr/lib/jvm/java-7-openjdk/jre/lib/amd64/jli/libjli.so
7ff17d1b7000-7ff17d1b8000 rw-p 0000c000 08:01 137898                     /usr/lib/jvm/java-7-openjdk/jre/lib/amd64/jli/libjli.so
7ff17d1b8000-7ff17d1d0000 r-xp 00000000 08:01 656069                     /usr/lib/libpthread-2.19.so
7ff17d1d0000-7ff17d3d0000 ---p 00018000 08:01 656069                     /usr/lib/libpthread-2.19.so
7ff17d3d0000-7ff17d3d1000 r--p 00018000 08:01 656069                     /usr/lib/libpthread-2.19.so
7ff17d3d1000-7ff17d3d2000 rw-p 00019000 08:01 656069                     /usr/lib/libpthread-2.19.so
7ff17d3d2000-7ff17d3d6000 rw-p 00000000 00:00 0 
7ff17d3d6000-7ff17d3f7000 r-xp 00000000 08:01 656038                     /usr/lib/ld-2.19.so
7ff17d402000-7ff17d40c000 rw-p 00000000 00:00 0 
7ff17d40c000-7ff17d4c2000 rw-p 00000000 00:00 0 
7ff17d4c2000-7ff17d4c5000 ---p 00000000 00:00 0 
7ff17d4c5000-7ff17d5c7000 rw-p 00000000 00:00 0                          [stack:5288]
7ff17d5d8000-7ff17d5eb000 rw-p 00000000 00:00 0 
7ff17d5eb000-7ff17d5f3000 rw-s 00000000 00:1e 22442                      /tmp/hsperfdata_cowster/5281
7ff17d5f3000-7ff17d5f4000 rw-p 00000000 00:00 0 
7ff17d5f4000-7ff17d5f5000 r--p 00000000 00:00 0 
7ff17d5f5000-7ff17d5f6000 rw-p 00000000 00:00 0 
7ff17d5f6000-7ff17d5f7000 r--p 00020000 08:01 656038                     /usr/lib/ld-2.19.so
7ff17d5f7000-7ff17d5f8000 rw-p 00021000 08:01 656038                     /usr/lib/ld-2.19.so
7ff17d5f8000-7ff17d5f9000 rw-p 00000000 00:00 0 
7fffe62b6000-7fffe62d7000 rw-p 00000000 00:00 0                          [stack]
7fffe63d5000-7fffe63d7000 r-xp 00000000 00:00 0                          [vdso]
7fffe63d7000-7fffe63d9000 r--p 00000000 00:00 0                          [vvar]
ffffffffff600000-ffffffffff601000 r-xp 00000000 00:00 0                  [vsyscall]

VM Arguments:
jvm_args: -Dfile.encoding=UTF-8 -Xbootclasspath:/opt/android-sdk/platforms/android-19/android.jar 
java_command: org.eclipse.jdt.internal.junit.runner.RemoteTestRunner -version 3 -port 53301 -testLoaderClass org.eclipse.jdt.internal.junit4.runner.JUnit4TestLoader -loaderpluginname org.eclipse.jdt.junit4.runtime -classNames com.example.calculator_implementation.MainActivityTest
Launcher Type: SUN_STANDARD

Environment Variables:
JAVA_HOME=/usr/lib/jvm/default
PATH=/usr/local/sbin:/usr/local/bin:/usr/bin:/opt/android-sdk/platform-tools:/opt/android-sdk/tools:/usr/bin/core_perl
SHELL=/bin/bash
DISPLAY=:0.0

Signal Handlers:
SIGSEGV: [libjvm.so+0x97c220], sa_mask[0]=0x7ffbfeff, sa_flags=0x10000004
SIGBUS: [libjvm.so+0x97c220], sa_mask[0]=0x7ffbfeff, sa_flags=0x10000004
SIGFPE: [libjvm.so+0x7eab60], sa_mask[0]=0x7ffbfeff, sa_flags=0x10000004
SIGPIPE: [libjvm.so+0x7eab60], sa_mask[0]=0x7ffbfeff, sa_flags=0x10000004
SIGXFSZ: [libjvm.so+0x7eab60], sa_mask[0]=0x7ffbfeff, sa_flags=0x10000004
SIGILL: [libjvm.so+0x7eab60], sa_mask[0]=0x7ffbfeff, sa_flags=0x10000004
SIGUSR1: SIG_IGN, sa_mask[0]=0x00000000, sa_flags=0x00000000
SIGUSR2: [libjvm.so+0x7ea9e0], sa_mask[0]=0x00000004, sa_flags=0x10000004
SIGHUP: SIG_DFL, sa_mask[0]=0x00000000, sa_flags=0x00000000
SIGINT: SIG_DFL, sa_mask[0]=0x00000000, sa_flags=0x00000000
SIGTERM: SIG_DFL, sa_mask[0]=0x00000000, sa_flags=0x00000000
SIGQUIT: SIG_DFL, sa_mask[0]=0x00000000, sa_flags=0x00000000
SIGTRAP: SIG_DFL, sa_mask[0]=0x00000000, sa_flags=0x00000000


---------------  S Y S T E M  ---------------

OS:Linux
uname:Linux 3.16.2-1-ARCH #1 SMP PREEMPT Sat Sep 6 13:12:51 CEST 2014 x86_64
libc:glibc 2.19 NPTL 2.19 
rlimit: STACK 8192k, CORE 0k, NPROC 8002, NOFILE 4096, AS infinity
load average:0.18 0.23 0.30

/proc/meminfo:
MemTotal:        2054220 kB
MemFree:          216764 kB
MemAvailable:     561848 kB
Buffers:           19372 kB
Cached:           416264 kB
SwapCached:         1764 kB
Active:          1172536 kB
Inactive:         526168 kB
Active(anon):     934132 kB
Inactive(anon):   345912 kB
Active(file):     238404 kB
Inactive(file):   180256 kB
Unevictable:           0 kB
Mlocked:               0 kB
SwapTotal:       2415612 kB
SwapFree:        2398392 kB
Dirty:                20 kB
Writeback:             0 kB
AnonPages:       1261444 kB
Mapped:           205412 kB
Shmem:             16976 kB
Slab:              92772 kB
SReclaimable:      78092 kB
SUnreclaim:        14680 kB
KernelStack:        4384 kB
PageTables:        15480 kB
NFS_Unstable:          0 kB
Bounce:                0 kB
WritebackTmp:          0 kB
CommitLimit:     3442720 kB
Committed_AS:    2772128 kB
VmallocTotal:   34359738367 kB
VmallocUsed:       26336 kB
VmallocChunk:   34359711735 kB
HardwareCorrupted:     0 kB
AnonHugePages:    718848 kB
HugePages_Total:       0
HugePages_Free:        0
HugePages_Rsvd:        0
HugePages_Surp:        0
Hugepagesize:       2048 kB
DirectMap4k:       30656 kB
DirectMap2M:     2066432 kB


CPU:total 2 (2 cores per cpu, 1 threads per core) family 6 model 58 stepping 9, cmov, cx8, fxsr, mmx, sse, sse2, sse3, ssse3, tsc

/proc/cpuinfo:
processor	: 0
vendor_id	: GenuineIntel
cpu family	: 6
model		: 58
model name	: Intel(R) Core(TM) i7-3517U CPU @ 1.90GHz
stepping	: 9
cpu MHz		: 2317.042
cache size	: 6144 KB
physical id	: 0
siblings	: 2
core id		: 0
cpu cores	: 2
apicid		: 0
initial apicid	: 0
fpu		: yes
fpu_exception	: yes
cpuid level	: 5
wp		: yes
flags		: fpu vme de pse tsc msr pae mce cx8 apic sep mtrr pge mca cmov pat pse36 clflush mmx fxsr sse sse2 ht syscall nx rdtscp lm constant_tsc rep_good nopl pni ssse3 lahf_lm
bogomips	: 4635.17
clflush size	: 64
cache_alignment	: 64
address sizes	: 36 bits physical, 48 bits virtual
power management:

processor	: 1
vendor_id	: GenuineIntel
cpu family	: 6
model		: 58
model name	: Intel(R) Core(TM) i7-3517U CPU @ 1.90GHz
stepping	: 9
cpu MHz		: 2317.042
cache size	: 6144 KB
physical id	: 0
siblings	: 2
core id		: 1
cpu cores	: 2
apicid		: 1
initial apicid	: 1
fpu		: yes
fpu_exception	: yes
cpuid level	: 5
wp		: yes
flags		: fpu vme de pse tsc msr pae mce cx8 apic sep mtrr pge mca cmov pat pse36 clflush mmx fxsr sse sse2 ht syscall nx rdtscp lm constant_tsc rep_good nopl pni ssse3 lahf_lm
bogomips	: 4635.17
clflush size	: 64
cache_alignment	: 64
address sizes	: 36 bits physical, 48 bits virtual
power management:



Memory: 4k page, physical 2054220k(216764k free), swap 2415612k(2398392k free)

vm_info: OpenJDK 64-Bit Server VM (24.65-b04) for linux-amd64 JRE (1.7.0_65-b32), built on Sep 15 2014 19:56:21 by "nobody" with gcc 4.9.1

time: Sat Sep 20 17:39:47 2014
elapsed time: 0 seconds

