#
# A fatal error has been detected by the Java Runtime Environment:
#
#  Internal Error (javaClasses.cpp:139), pid=5306, tid=140602660198144
#  fatal error: Invalid layout of preloaded class
#
# JRE version:  (7.0_65-b32) (build )
# Java VM: OpenJDK 64-Bit Server VM (24.65-b04 mixed mode linux-amd64 compressed oops)
# Derivative: IcedTea 2.5.2
# Distribution: Custom build (Mon Sep 15 19:52:20 UTC 2014)
# Failed to write core dump. Core dumps have been disabled. To enable core dumping, try "ulimit -c unlimited" before starting Java again
#
# If you would like to submit a bug report, please include
# instructions on how to reproduce the bug and visit:
#   http://icedtea.classpath.org/bugzilla
#

---------------  T H R E A D  ---------------

Current thread (0x00007fe094009000):  JavaThread "Unknown thread" [_thread_in_vm, id=5313, stack(0x00007fe09b8d9000,0x00007fe09b9da000)]

Stack: [0x00007fe09b8d9000,0x00007fe09b9da000],  sp=0x00007fe09b9d8940,  free space=1022k
Native frames: (J=compiled Java code, j=interpreted, Vv=VM code, C=native code)
V  [libjvm.so+0x97b736]
V  [libjvm.so+0x48c1f2]
V  [libjvm.so+0x5f805f]
V  [libjvm.so+0x5f8146]
V  [libjvm.so+0x8f9dbc]
V  [libjvm.so+0x945588]
V  [libjvm.so+0x945b83]
V  [libjvm.so+0x5aada8]
V  [libjvm.so+0x92712f]
V  [libjvm.so+0x61a070]  JNI_CreateJavaVM+0x60
C  [libjli.so+0x29bf]


---------------  P R O C E S S  ---------------

Java Threads: ( => current thread )

Other Threads:

=>0x00007fe094009000 (exited) JavaThread "Unknown thread" [_thread_in_vm, id=5313, stack(0x00007fe09b8d9000,0x00007fe09b9da000)]

VM state:not at safepoint (not fully initialized)

VM Mutex/Monitor currently owned by a thread: None

GC Heap History (0 events):
No events

Deoptimization events (0 events):
No events

Internal exceptions (0 events):
No events

Events (10 events):
Event: 0.024 loading class 0x00007fe09844e6f0 done
Event: 0.024 loading class 0x00007fe09844e110 done
Event: 0.024 loading class 0x00007fe09844e0f0
Event: 0.024 loading class 0x00007fe098456180
Event: 0.024 loading class 0x00007fe098456180 done
Event: 0.024 loading class 0x00007fe0984561b0
Event: 0.024 loading class 0x00007fe0984561b0 done
Event: 0.024 loading class 0x00007fe0984561e0
Event: 0.024 loading class 0x00007fe0984561e0 done
Event: 0.025 loading class 0x00007fe09844e0f0 done


Dynamic libraries:
00400000-00401000 r-xp 00000000 08:01 692371                             /usr/lib/jvm/java-7-openjdk/jre/bin/java
00600000-00601000 rw-p 00000000 08:01 692371                             /usr/lib/jvm/java-7-openjdk/jre/bin/java
02051000-02072000 rw-p 00000000 00:00 0                                  [heap]
cc000000-cd500000 rw-p 00000000 00:00 0 
cd500000-d6600000 rw-p 00000000 00:00 0 
d6600000-d7a80000 rw-p 00000000 00:00 0 
d7a80000-f2200000 rw-p 00000000 00:00 0 
f2200000-f2c80000 rw-p 00000000 00:00 0 
f2c80000-100000000 rw-p 00000000 00:00 0 
7fe080000000-7fe080021000 rw-p 00000000 00:00 0 
7fe080021000-7fe084000000 ---p 00000000 00:00 0 
7fe088000000-7fe088021000 rw-p 00000000 00:00 0 
7fe088021000-7fe08c000000 ---p 00000000 00:00 0 
7fe08f600000-7fe091000000 rw-p 00000000 00:00 0 
7fe091000000-7fe091270000 rwxp 00000000 00:00 0 
7fe091270000-7fe094051000 rw-p 00000000 00:00 0 
7fe094051000-7fe098000000 ---p 00000000 00:00 0 
7fe0982da000-7fe098301000 rw-p 00000000 00:00 0 
7fe098301000-7fe0983d8000 r--s 013fe000 08:01 141674                     /opt/android-sdk/platforms/android-19/android.jar
7fe0983d8000-7fe098671000 rw-p 00000000 00:00 0 
7fe098671000-7fe098672000 ---p 00000000 00:00 0 
7fe098672000-7fe098772000 rw-p 00000000 00:00 0                          [stack:5315]
7fe098772000-7fe098773000 ---p 00000000 00:00 0 
7fe098773000-7fe09887e000 rw-p 00000000 00:00 0                          [stack:5314]
7fe09887e000-7fe0988c6000 rw-p 00000000 00:00 0 
7fe0988c6000-7fe0988d1000 rw-p 00000000 00:00 0 
7fe0988d1000-7fe0989a4000 rw-p 00000000 00:00 0 
7fe0989a4000-7fe0989af000 rw-p 00000000 00:00 0 
7fe0989af000-7fe0989f7000 rw-p 00000000 00:00 0 
7fe0989f7000-7fe098a02000 rw-p 00000000 00:00 0 
7fe098a02000-7fe098ad5000 rw-p 00000000 00:00 0 
7fe098ad5000-7fe098adb000 rw-p 00000000 00:00 0 
7fe098adb000-7fe098b44000 rw-p 00000000 00:00 0 
7fe098b44000-7fe098b45000 rw-p 00000000 00:00 0 
7fe098b45000-7fe098b4d000 r-xp 00000000 08:01 692344                     /usr/lib/jvm/java-7-openjdk/jre/lib/amd64/libzip.so
7fe098b4d000-7fe098d4c000 ---p 00008000 08:01 692344                     /usr/lib/jvm/java-7-openjdk/jre/lib/amd64/libzip.so
7fe098d4c000-7fe098d4d000 rw-p 00007000 08:01 692344                     /usr/lib/jvm/java-7-openjdk/jre/lib/amd64/libzip.so
7fe098d4d000-7fe098d58000 r-xp 00000000 08:01 656047                     /usr/lib/libnss_files-2.19.so
7fe098d58000-7fe098f57000 ---p 0000b000 08:01 656047                     /usr/lib/libnss_files-2.19.so
7fe098f57000-7fe098f58000 r--p 0000a000 08:01 656047                     /usr/lib/libnss_files-2.19.so
7fe098f58000-7fe098f59000 rw-p 0000b000 08:01 656047                     /usr/lib/libnss_files-2.19.so
7fe098f59000-7fe098f85000 r-xp 00000000 08:01 692343                     /usr/lib/jvm/java-7-openjdk/jre/lib/amd64/libjava.so
7fe098f85000-7fe099184000 ---p 0002c000 08:01 692343                     /usr/lib/jvm/java-7-openjdk/jre/lib/amd64/libjava.so
7fe099184000-7fe099186000 rw-p 0002b000 08:01 692343                     /usr/lib/jvm/java-7-openjdk/jre/lib/amd64/libjava.so
7fe099186000-7fe099193000 r-xp 00000000 08:01 692342                     /usr/lib/jvm/java-7-openjdk/jre/lib/amd64/libverify.so
7fe099193000-7fe099392000 ---p 0000d000 08:01 692342                     /usr/lib/jvm/java-7-openjdk/jre/lib/amd64/libverify.so
7fe099392000-7fe099394000 rw-p 0000c000 08:01 692342                     /usr/lib/jvm/java-7-openjdk/jre/lib/amd64/libverify.so
7fe099394000-7fe09939b000 r-xp 00000000 08:01 656048                     /usr/lib/librt-2.19.so
7fe09939b000-7fe09959a000 ---p 00007000 08:01 656048                     /usr/lib/librt-2.19.so
7fe09959a000-7fe09959b000 r--p 00006000 08:01 656048                     /usr/lib/librt-2.19.so
7fe09959b000-7fe09959c000 rw-p 00007000 08:01 656048                     /usr/lib/librt-2.19.so
7fe09959c000-7fe0995b2000 r-xp 00000000 08:01 659318                     /usr/lib/libgcc_s.so.1
7fe0995b2000-7fe0997b1000 ---p 00016000 08:01 659318                     /usr/lib/libgcc_s.so.1
7fe0997b1000-7fe0997b2000 rw-p 00015000 08:01 659318                     /usr/lib/libgcc_s.so.1
7fe0997b2000-7fe0998b5000 r-xp 00000000 08:01 656010                     /usr/lib/libm-2.19.so
7fe0998b5000-7fe099ab4000 ---p 00103000 08:01 656010                     /usr/lib/libm-2.19.so
7fe099ab4000-7fe099ab5000 r--p 00102000 08:01 656010                     /usr/lib/libm-2.19.so
7fe099ab5000-7fe099ab6000 rw-p 00103000 08:01 656010                     /usr/lib/libm-2.19.so
7fe099ab6000-7fe099ba6000 r-xp 00000000 08:01 659322                     /usr/lib/libstdc++.so.6.0.20
7fe099ba6000-7fe099da6000 ---p 000f0000 08:01 659322                     /usr/lib/libstdc++.so.6.0.20
7fe099da6000-7fe099dae000 r--p 000f0000 08:01 659322                     /usr/lib/libstdc++.so.6.0.20
7fe099dae000-7fe099db0000 rw-p 000f8000 08:01 659322                     /usr/lib/libstdc++.so.6.0.20
7fe099db0000-7fe099dc5000 rw-p 00000000 00:00 0 
7fe099dc5000-7fe09a90d000 r-xp 00000000 08:01 137905                     /usr/lib/jvm/java-7-openjdk/jre/lib/amd64/server/libjvm.so
7fe09a90d000-7fe09ab0c000 ---p 00b48000 08:01 137905                     /usr/lib/jvm/java-7-openjdk/jre/lib/amd64/server/libjvm.so
7fe09ab0c000-7fe09abce000 rw-p 00b47000 08:01 137905                     /usr/lib/jvm/java-7-openjdk/jre/lib/amd64/server/libjvm.so
7fe09abce000-7fe09abfa000 rw-p 00000000 00:00 0 
7fe09abfa000-7fe09ac0f000 r-xp 00000000 08:01 659068                     /usr/lib/libz.so.1.2.8
7fe09ac0f000-7fe09ae0e000 ---p 00015000 08:01 659068                     /usr/lib/libz.so.1.2.8
7fe09ae0e000-7fe09ae0f000 r--p 00014000 08:01 659068                     /usr/lib/libz.so.1.2.8
7fe09ae0f000-7fe09ae10000 rw-p 00015000 08:01 659068                     /usr/lib/libz.so.1.2.8
7fe09ae10000-7fe09afb4000 r-xp 00000000 08:01 656054                     /usr/lib/libc-2.19.so
7fe09afb4000-7fe09b1b4000 ---p 001a4000 08:01 656054                     /usr/lib/libc-2.19.so
7fe09b1b4000-7fe09b1b8000 r--p 001a4000 08:01 656054                     /usr/lib/libc-2.19.so
7fe09b1b8000-7fe09b1ba000 rw-p 001a8000 08:01 656054                     /usr/lib/libc-2.19.so
7fe09b1ba000-7fe09b1be000 rw-p 00000000 00:00 0 
7fe09b1be000-7fe09b1c1000 r-xp 00000000 08:01 656019                     /usr/lib/libdl-2.19.so
7fe09b1c1000-7fe09b3c0000 ---p 00003000 08:01 656019                     /usr/lib/libdl-2.19.so
7fe09b3c0000-7fe09b3c1000 r--p 00002000 08:01 656019                     /usr/lib/libdl-2.19.so
7fe09b3c1000-7fe09b3c2000 rw-p 00003000 08:01 656019                     /usr/lib/libdl-2.19.so
7fe09b3c2000-7fe09b3cf000 r-xp 00000000 08:01 137898                     /usr/lib/jvm/java-7-openjdk/jre/lib/amd64/jli/libjli.so
7fe09b3cf000-7fe09b5ce000 ---p 0000d000 08:01 137898                     /usr/lib/jvm/java-7-openjdk/jre/lib/amd64/jli/libjli.so
7fe09b5ce000-7fe09b5cf000 rw-p 0000c000 08:01 137898                     /usr/lib/jvm/java-7-openjdk/jre/lib/amd64/jli/libjli.so
7fe09b5cf000-7fe09b5e7000 r-xp 00000000 08:01 656069                     /usr/lib/libpthread-2.19.so
7fe09b5e7000-7fe09b7e7000 ---p 00018000 08:01 656069                     /usr/lib/libpthread-2.19.so
7fe09b7e7000-7fe09b7e8000 r--p 00018000 08:01 656069                     /usr/lib/libpthread-2.19.so
7fe09b7e8000-7fe09b7e9000 rw-p 00019000 08:01 656069                     /usr/lib/libpthread-2.19.so
7fe09b7e9000-7fe09b7ed000 rw-p 00000000 00:00 0 
7fe09b7ed000-7fe09b80e000 r-xp 00000000 08:01 656038                     /usr/lib/ld-2.19.so
7fe09b819000-7fe09b823000 rw-p 00000000 00:00 0 
7fe09b823000-7fe09b8d9000 rw-p 00000000 00:00 0 
7fe09b8d9000-7fe09b8dc000 ---p 00000000 00:00 0 
7fe09b8dc000-7fe09b9de000 rw-p 00000000 00:00 0                          [stack:5313]
7fe09b9ef000-7fe09ba02000 rw-p 00000000 00:00 0 
7fe09ba02000-7fe09ba0a000 rw-s 00000000 00:1e 23564                      /tmp/hsperfdata_cowster/5306
7fe09ba0a000-7fe09ba0b000 rw-p 00000000 00:00 0 
7fe09ba0b000-7fe09ba0c000 r--p 00000000 00:00 0 
7fe09ba0c000-7fe09ba0d000 rw-p 00000000 00:00 0 
7fe09ba0d000-7fe09ba0e000 r--p 00020000 08:01 656038                     /usr/lib/ld-2.19.so
7fe09ba0e000-7fe09ba0f000 rw-p 00021000 08:01 656038                     /usr/lib/ld-2.19.so
7fe09ba0f000-7fe09ba10000 rw-p 00000000 00:00 0 
7fff350e8000-7fff35109000 rw-p 00000000 00:00 0                          [stack]
7fff351fc000-7fff351fe000 r-xp 00000000 00:00 0                          [vdso]
7fff351fe000-7fff35200000 r--p 00000000 00:00 0                          [vvar]
ffffffffff600000-ffffffffff601000 r-xp 00000000 00:00 0                  [vsyscall]

VM Arguments:
jvm_args: -Dfile.encoding=UTF-8 -Xbootclasspath:/opt/android-sdk/platforms/android-19/android.jar 
java_command: org.eclipse.jdt.internal.junit.runner.RemoteTestRunner -version 3 -port 44469 -testLoaderClass org.eclipse.jdt.internal.junit4.runner.JUnit4TestLoader -loaderpluginname org.eclipse.jdt.junit4.runtime -classNames com.example.calculator_implementation.MainActivityTest
Launcher Type: SUN_STANDARD

Environment Variables:
JAVA_HOME=/usr/lib/jvm/default
PATH=/usr/local/sbin:/usr/local/bin:/usr/bin:/opt/android-sdk/platform-tools:/opt/android-sdk/tools:/usr/bin/core_perl
SHELL=/bin/bash
DISPLAY=:0.0

Signal Handlers:
SIGSEGV: [libjvm.so+0x97c220], sa_mask[0]=0x7ffbfeff, sa_flags=0x10000004
SIGBUS: [libjvm.so+0x97c220], sa_mask[0]=0x7ffbfeff, sa_flags=0x10000004
SIGFPE: [libjvm.so+0x7eab60], sa_mask[0]=0x7ffbfeff, sa_flags=0x10000004
SIGPIPE: [libjvm.so+0x7eab60], sa_mask[0]=0x7ffbfeff, sa_flags=0x10000004
SIGXFSZ: [libjvm.so+0x7eab60], sa_mask[0]=0x7ffbfeff, sa_flags=0x10000004
SIGILL: [libjvm.so+0x7eab60], sa_mask[0]=0x7ffbfeff, sa_flags=0x10000004
SIGUSR1: SIG_IGN, sa_mask[0]=0x00000000, sa_flags=0x00000000
SIGUSR2: [libjvm.so+0x7ea9e0], sa_mask[0]=0x00000004, sa_flags=0x10000004
SIGHUP: SIG_DFL, sa_mask[0]=0x00000000, sa_flags=0x00000000
SIGINT: SIG_DFL, sa_mask[0]=0x00000000, sa_flags=0x00000000
SIGTERM: SIG_DFL, sa_mask[0]=0x00000000, sa_flags=0x00000000
SIGQUIT: SIG_DFL, sa_mask[0]=0x00000000, sa_flags=0x00000000
SIGTRAP: SIG_DFL, sa_mask[0]=0x00000000, sa_flags=0x00000000


---------------  S Y S T E M  ---------------

OS:Linux
uname:Linux 3.16.2-1-ARCH #1 SMP PREEMPT Sat Sep 6 13:12:51 CEST 2014 x86_64
libc:glibc 2.19 NPTL 2.19 
rlimit: STACK 8192k, CORE 0k, NPROC 8002, NOFILE 4096, AS infinity
load average:0.35 0.29 0.32

/proc/meminfo:
MemTotal:        2054220 kB
MemFree:          219120 kB
MemAvailable:     511364 kB
Buffers:           17568 kB
Cached:           364520 kB
SwapCached:          312 kB
Active:          1216164 kB
Inactive:         480152 kB
Active(anon):     988312 kB
Inactive(anon):   342228 kB
Active(file):     227852 kB
Inactive(file):   137924 kB
Unevictable:           0 kB
Mlocked:               0 kB
SwapTotal:       2415612 kB
SwapFree:        2397992 kB
Dirty:                 0 kB
Writeback:             0 kB
AnonPages:       1314068 kB
Mapped:           173928 kB
Shmem:             16312 kB
Slab:              93068 kB
SReclaimable:      78180 kB
SUnreclaim:        14888 kB
KernelStack:        4384 kB
PageTables:        15472 kB
NFS_Unstable:          0 kB
Bounce:                0 kB
WritebackTmp:          0 kB
CommitLimit:     3442720 kB
Committed_AS:    2770036 kB
VmallocTotal:   34359738367 kB
VmallocUsed:       26336 kB
VmallocChunk:   34359711735 kB
HardwareCorrupted:     0 kB
AnonHugePages:    806912 kB
HugePages_Total:       0
HugePages_Free:        0
HugePages_Rsvd:        0
HugePages_Surp:        0
Hugepagesize:       2048 kB
DirectMap4k:       30656 kB
DirectMap2M:     2066432 kB


CPU:total 2 (2 cores per cpu, 1 threads per core) family 6 model 58 stepping 9, cmov, cx8, fxsr, mmx, sse, sse2, sse3, ssse3, tsc

/proc/cpuinfo:
processor	: 0
vendor_id	: GenuineIntel
cpu family	: 6
model		: 58
model name	: Intel(R) Core(TM) i7-3517U CPU @ 1.90GHz
stepping	: 9
cpu MHz		: 2317.042
cache size	: 6144 KB
physical id	: 0
siblings	: 2
core id		: 0
cpu cores	: 2
apicid		: 0
initial apicid	: 0
fpu		: yes
fpu_exception	: yes
cpuid level	: 5
wp		: yes
flags		: fpu vme de pse tsc msr pae mce cx8 apic sep mtrr pge mca cmov pat pse36 clflush mmx fxsr sse sse2 ht syscall nx rdtscp lm constant_tsc rep_good nopl pni ssse3 lahf_lm
bogomips	: 4635.17
clflush size	: 64
cache_alignment	: 64
address sizes	: 36 bits physical, 48 bits virtual
power management:

processor	: 1
vendor_id	: GenuineIntel
cpu family	: 6
model		: 58
model name	: Intel(R) Core(TM) i7-3517U CPU @ 1.90GHz
stepping	: 9
cpu MHz		: 2317.042
cache size	: 6144 KB
physical id	: 0
siblings	: 2
core id		: 1
cpu cores	: 2
apicid		: 1
initial apicid	: 1
fpu		: yes
fpu_exception	: yes
cpuid level	: 5
wp		: yes
flags		: fpu vme de pse tsc msr pae mce cx8 apic sep mtrr pge mca cmov pat pse36 clflush mmx fxsr sse sse2 ht syscall nx rdtscp lm constant_tsc rep_good nopl pni ssse3 lahf_lm
bogomips	: 4635.17
clflush size	: 64
cache_alignment	: 64
address sizes	: 36 bits physical, 48 bits virtual
power management:



Memory: 4k page, physical 2054220k(219120k free), swap 2415612k(2397992k free)

vm_info: OpenJDK 64-Bit Server VM (24.65-b04) for linux-amd64 JRE (1.7.0_65-b32), built on Sep 15 2014 19:56:21 by "nobody" with gcc 4.9.1

time: Sat Sep 20 17:41:08 2014
elapsed time: 0 seconds

