#
# A fatal error has been detected by the Java Runtime Environment:
#
#  Internal Error (javaClasses.cpp:139), pid=5112, tid=139947685533440
#  fatal error: Invalid layout of preloaded class
#
# JRE version:  (7.0_65-b32) (build )
# Java VM: OpenJDK 64-Bit Server VM (24.65-b04 mixed mode linux-amd64 compressed oops)
# Derivative: IcedTea 2.5.2
# Distribution: Custom build (Mon Sep 15 19:52:20 UTC 2014)
# Failed to write core dump. Core dumps have been disabled. To enable core dumping, try "ulimit -c unlimited" before starting Java again
#
# If you would like to submit a bug report, please include
# instructions on how to reproduce the bug and visit:
#   http://icedtea.classpath.org/bugzilla
#

---------------  T H R E A D  ---------------

Current thread (0x00007f4814009000):  JavaThread "Unknown thread" [_thread_in_vm, id=5118, stack(0x00007f481c055000,0x00007f481c156000)]

Stack: [0x00007f481c055000,0x00007f481c156000],  sp=0x00007f481c154940,  free space=1022k
Native frames: (J=compiled Java code, j=interpreted, Vv=VM code, C=native code)
V  [libjvm.so+0x97b736]
V  [libjvm.so+0x48c1f2]
V  [libjvm.so+0x5f805f]
V  [libjvm.so+0x5f8146]
V  [libjvm.so+0x8f9dbc]
V  [libjvm.so+0x945588]
V  [libjvm.so+0x945b83]
V  [libjvm.so+0x5aada8]
V  [libjvm.so+0x92712f]
V  [libjvm.so+0x61a070]  JNI_CreateJavaVM+0x60
C  [libjli.so+0x29bf]


---------------  P R O C E S S  ---------------

Java Threads: ( => current thread )

Other Threads:

=>0x00007f4814009000 (exited) JavaThread "Unknown thread" [_thread_in_vm, id=5118, stack(0x00007f481c055000,0x00007f481c156000)]

VM state:not at safepoint (not fully initialized)

VM Mutex/Monitor currently owned by a thread: None

GC Heap History (0 events):
No events

Deoptimization events (0 events):
No events

Internal exceptions (0 events):
No events

Events (10 events):
Event: 0.009 loading class 0x00007f4818bca6f0 done
Event: 0.009 loading class 0x00007f4818bca110 done
Event: 0.009 loading class 0x00007f4818bca0f0
Event: 0.010 loading class 0x00007f4818bd2180
Event: 0.010 loading class 0x00007f4818bd2180 done
Event: 0.010 loading class 0x00007f4818bd21b0
Event: 0.010 loading class 0x00007f4818bd21b0 done
Event: 0.010 loading class 0x00007f4818bd21e0
Event: 0.010 loading class 0x00007f4818bd21e0 done
Event: 0.010 loading class 0x00007f4818bca0f0 done


Dynamic libraries:
00400000-00401000 r-xp 00000000 08:01 692371                             /usr/lib/jvm/java-7-openjdk/jre/bin/java
00600000-00601000 rw-p 00000000 08:01 692371                             /usr/lib/jvm/java-7-openjdk/jre/bin/java
008d5000-008f6000 rw-p 00000000 00:00 0                                  [heap]
cc000000-cd500000 rw-p 00000000 00:00 0 
cd500000-d6600000 rw-p 00000000 00:00 0 
d6600000-d7a80000 rw-p 00000000 00:00 0 
d7a80000-f2200000 rw-p 00000000 00:00 0 
f2200000-f2c80000 rw-p 00000000 00:00 0 
f2c80000-100000000 rw-p 00000000 00:00 0 
7f4808000000-7f4808021000 rw-p 00000000 00:00 0 
7f4808021000-7f480c000000 ---p 00000000 00:00 0 
7f480f600000-7f4811000000 rw-p 00000000 00:00 0 
7f4811000000-7f4811270000 rwxp 00000000 00:00 0 
7f4811270000-7f4814051000 rw-p 00000000 00:00 0 
7f4814051000-7f4818000000 ---p 00000000 00:00 0 
7f4818a56000-7f4818a7d000 rw-p 00000000 00:00 0 
7f4818a7d000-7f4818b54000 r--s 013fe000 08:01 141674                     /opt/android-sdk/platforms/android-19/android.jar
7f4818b54000-7f4818ded000 rw-p 00000000 00:00 0 
7f4818ded000-7f4818dee000 ---p 00000000 00:00 0 
7f4818dee000-7f4818eee000 rw-p 00000000 00:00 0                          [stack:5120]
7f4818eee000-7f4818eef000 ---p 00000000 00:00 0 
7f4818eef000-7f4818ffa000 rw-p 00000000 00:00 0                          [stack:5119]
7f4818ffa000-7f4819042000 rw-p 00000000 00:00 0 
7f4819042000-7f481904d000 rw-p 00000000 00:00 0 
7f481904d000-7f4819120000 rw-p 00000000 00:00 0 
7f4819120000-7f481912b000 rw-p 00000000 00:00 0 
7f481912b000-7f4819173000 rw-p 00000000 00:00 0 
7f4819173000-7f481917e000 rw-p 00000000 00:00 0 
7f481917e000-7f4819251000 rw-p 00000000 00:00 0 
7f4819251000-7f4819257000 rw-p 00000000 00:00 0 
7f4819257000-7f48192c0000 rw-p 00000000 00:00 0 
7f48192c0000-7f48192c1000 rw-p 00000000 00:00 0 
7f48192c1000-7f48192c9000 r-xp 00000000 08:01 692344                     /usr/lib/jvm/java-7-openjdk/jre/lib/amd64/libzip.so
7f48192c9000-7f48194c8000 ---p 00008000 08:01 692344                     /usr/lib/jvm/java-7-openjdk/jre/lib/amd64/libzip.so
7f48194c8000-7f48194c9000 rw-p 00007000 08:01 692344                     /usr/lib/jvm/java-7-openjdk/jre/lib/amd64/libzip.so
7f48194c9000-7f48194d4000 r-xp 00000000 08:01 656047                     /usr/lib/libnss_files-2.19.so
7f48194d4000-7f48196d3000 ---p 0000b000 08:01 656047                     /usr/lib/libnss_files-2.19.so
7f48196d3000-7f48196d4000 r--p 0000a000 08:01 656047                     /usr/lib/libnss_files-2.19.so
7f48196d4000-7f48196d5000 rw-p 0000b000 08:01 656047                     /usr/lib/libnss_files-2.19.so
7f48196d5000-7f4819701000 r-xp 00000000 08:01 692343                     /usr/lib/jvm/java-7-openjdk/jre/lib/amd64/libjava.so
7f4819701000-7f4819900000 ---p 0002c000 08:01 692343                     /usr/lib/jvm/java-7-openjdk/jre/lib/amd64/libjava.so
7f4819900000-7f4819902000 rw-p 0002b000 08:01 692343                     /usr/lib/jvm/java-7-openjdk/jre/lib/amd64/libjava.so
7f4819902000-7f481990f000 r-xp 00000000 08:01 692342                     /usr/lib/jvm/java-7-openjdk/jre/lib/amd64/libverify.so
7f481990f000-7f4819b0e000 ---p 0000d000 08:01 692342                     /usr/lib/jvm/java-7-openjdk/jre/lib/amd64/libverify.so
7f4819b0e000-7f4819b10000 rw-p 0000c000 08:01 692342                     /usr/lib/jvm/java-7-openjdk/jre/lib/amd64/libverify.so
7f4819b10000-7f4819b17000 r-xp 00000000 08:01 656048                     /usr/lib/librt-2.19.so
7f4819b17000-7f4819d16000 ---p 00007000 08:01 656048                     /usr/lib/librt-2.19.so
7f4819d16000-7f4819d17000 r--p 00006000 08:01 656048                     /usr/lib/librt-2.19.so
7f4819d17000-7f4819d18000 rw-p 00007000 08:01 656048                     /usr/lib/librt-2.19.so
7f4819d18000-7f4819d2e000 r-xp 00000000 08:01 659318                     /usr/lib/libgcc_s.so.1
7f4819d2e000-7f4819f2d000 ---p 00016000 08:01 659318                     /usr/lib/libgcc_s.so.1
7f4819f2d000-7f4819f2e000 rw-p 00015000 08:01 659318                     /usr/lib/libgcc_s.so.1
7f4819f2e000-7f481a031000 r-xp 00000000 08:01 656010                     /usr/lib/libm-2.19.so
7f481a031000-7f481a230000 ---p 00103000 08:01 656010                     /usr/lib/libm-2.19.so
7f481a230000-7f481a231000 r--p 00102000 08:01 656010                     /usr/lib/libm-2.19.so
7f481a231000-7f481a232000 rw-p 00103000 08:01 656010                     /usr/lib/libm-2.19.so
7f481a232000-7f481a322000 r-xp 00000000 08:01 659322                     /usr/lib/libstdc++.so.6.0.20
7f481a322000-7f481a522000 ---p 000f0000 08:01 659322                     /usr/lib/libstdc++.so.6.0.20
7f481a522000-7f481a52a000 r--p 000f0000 08:01 659322                     /usr/lib/libstdc++.so.6.0.20
7f481a52a000-7f481a52c000 rw-p 000f8000 08:01 659322                     /usr/lib/libstdc++.so.6.0.20
7f481a52c000-7f481a541000 rw-p 00000000 00:00 0 
7f481a541000-7f481b089000 r-xp 00000000 08:01 137905                     /usr/lib/jvm/java-7-openjdk/jre/lib/amd64/server/libjvm.so
7f481b089000-7f481b288000 ---p 00b48000 08:01 137905                     /usr/lib/jvm/java-7-openjdk/jre/lib/amd64/server/libjvm.so
7f481b288000-7f481b34a000 rw-p 00b47000 08:01 137905                     /usr/lib/jvm/java-7-openjdk/jre/lib/amd64/server/libjvm.so
7f481b34a000-7f481b376000 rw-p 00000000 00:00 0 
7f481b376000-7f481b38b000 r-xp 00000000 08:01 659068                     /usr/lib/libz.so.1.2.8
7f481b38b000-7f481b58a000 ---p 00015000 08:01 659068                     /usr/lib/libz.so.1.2.8
7f481b58a000-7f481b58b000 r--p 00014000 08:01 659068                     /usr/lib/libz.so.1.2.8
7f481b58b000-7f481b58c000 rw-p 00015000 08:01 659068                     /usr/lib/libz.so.1.2.8
7f481b58c000-7f481b730000 r-xp 00000000 08:01 656054                     /usr/lib/libc-2.19.so
7f481b730000-7f481b930000 ---p 001a4000 08:01 656054                     /usr/lib/libc-2.19.so
7f481b930000-7f481b934000 r--p 001a4000 08:01 656054                     /usr/lib/libc-2.19.so
7f481b934000-7f481b936000 rw-p 001a8000 08:01 656054                     /usr/lib/libc-2.19.so
7f481b936000-7f481b93a000 rw-p 00000000 00:00 0 
7f481b93a000-7f481b93d000 r-xp 00000000 08:01 656019                     /usr/lib/libdl-2.19.so
7f481b93d000-7f481bb3c000 ---p 00003000 08:01 656019                     /usr/lib/libdl-2.19.so
7f481bb3c000-7f481bb3d000 r--p 00002000 08:01 656019                     /usr/lib/libdl-2.19.so
7f481bb3d000-7f481bb3e000 rw-p 00003000 08:01 656019                     /usr/lib/libdl-2.19.so
7f481bb3e000-7f481bb4b000 r-xp 00000000 08:01 137898                     /usr/lib/jvm/java-7-openjdk/jre/lib/amd64/jli/libjli.so
7f481bb4b000-7f481bd4a000 ---p 0000d000 08:01 137898                     /usr/lib/jvm/java-7-openjdk/jre/lib/amd64/jli/libjli.so
7f481bd4a000-7f481bd4b000 rw-p 0000c000 08:01 137898                     /usr/lib/jvm/java-7-openjdk/jre/lib/amd64/jli/libjli.so
7f481bd4b000-7f481bd63000 r-xp 00000000 08:01 656069                     /usr/lib/libpthread-2.19.so
7f481bd63000-7f481bf63000 ---p 00018000 08:01 656069                     /usr/lib/libpthread-2.19.so
7f481bf63000-7f481bf64000 r--p 00018000 08:01 656069                     /usr/lib/libpthread-2.19.so
7f481bf64000-7f481bf65000 rw-p 00019000 08:01 656069                     /usr/lib/libpthread-2.19.so
7f481bf65000-7f481bf69000 rw-p 00000000 00:00 0 
7f481bf69000-7f481bf8a000 r-xp 00000000 08:01 656038                     /usr/lib/ld-2.19.so
7f481bf95000-7f481bf9f000 rw-p 00000000 00:00 0 
7f481bf9f000-7f481c055000 rw-p 00000000 00:00 0 
7f481c055000-7f481c058000 ---p 00000000 00:00 0 
7f481c058000-7f481c15a000 rw-p 00000000 00:00 0                          [stack:5118]
7f481c16b000-7f481c17e000 rw-p 00000000 00:00 0 
7f481c17e000-7f481c186000 rw-s 00000000 00:1e 23242                      /tmp/hsperfdata_cowster/5112
7f481c186000-7f481c187000 rw-p 00000000 00:00 0 
7f481c187000-7f481c188000 r--p 00000000 00:00 0 
7f481c188000-7f481c189000 rw-p 00000000 00:00 0 
7f481c189000-7f481c18a000 r--p 00020000 08:01 656038                     /usr/lib/ld-2.19.so
7f481c18a000-7f481c18b000 rw-p 00021000 08:01 656038                     /usr/lib/ld-2.19.so
7f481c18b000-7f481c18c000 rw-p 00000000 00:00 0 
7fffce371000-7fffce392000 rw-p 00000000 00:00 0                          [stack]
7fffce3fc000-7fffce3fe000 r-xp 00000000 00:00 0                          [vdso]
7fffce3fe000-7fffce400000 r--p 00000000 00:00 0                          [vvar]
ffffffffff600000-ffffffffff601000 r-xp 00000000 00:00 0                  [vsyscall]

VM Arguments:
jvm_args: -Dfile.encoding=UTF-8 -Xbootclasspath:/opt/android-sdk/platforms/android-19/android.jar 
java_command: org.eclipse.jdt.internal.junit.runner.RemoteTestRunner -version 3 -port 59991 -testLoaderClass org.eclipse.jdt.internal.junit4.runner.JUnit4TestLoader -loaderpluginname org.eclipse.jdt.junit4.runtime -classNames com.example.calculator_implementation.MainActivityTest
Launcher Type: SUN_STANDARD

Environment Variables:
JAVA_HOME=/usr/lib/jvm/default
PATH=/usr/local/sbin:/usr/local/bin:/usr/bin:/opt/android-sdk/platform-tools:/opt/android-sdk/tools:/usr/bin/core_perl
SHELL=/bin/bash
DISPLAY=:0.0

Signal Handlers:
SIGSEGV: [libjvm.so+0x97c220], sa_mask[0]=0x7ffbfeff, sa_flags=0x10000004
SIGBUS: [libjvm.so+0x97c220], sa_mask[0]=0x7ffbfeff, sa_flags=0x10000004
SIGFPE: [libjvm.so+0x7eab60], sa_mask[0]=0x7ffbfeff, sa_flags=0x10000004
SIGPIPE: [libjvm.so+0x7eab60], sa_mask[0]=0x7ffbfeff, sa_flags=0x10000004
SIGXFSZ: [libjvm.so+0x7eab60], sa_mask[0]=0x7ffbfeff, sa_flags=0x10000004
SIGILL: [libjvm.so+0x7eab60], sa_mask[0]=0x7ffbfeff, sa_flags=0x10000004
SIGUSR1: SIG_IGN, sa_mask[0]=0x00000000, sa_flags=0x00000000
SIGUSR2: [libjvm.so+0x7ea9e0], sa_mask[0]=0x00000004, sa_flags=0x10000004
SIGHUP: SIG_DFL, sa_mask[0]=0x00000000, sa_flags=0x00000000
SIGINT: SIG_DFL, sa_mask[0]=0x00000000, sa_flags=0x00000000
SIGTERM: SIG_DFL, sa_mask[0]=0x00000000, sa_flags=0x00000000
SIGQUIT: SIG_DFL, sa_mask[0]=0x00000000, sa_flags=0x00000000
SIGTRAP: SIG_DFL, sa_mask[0]=0x00000000, sa_flags=0x00000000


---------------  S Y S T E M  ---------------

OS:Linux
uname:Linux 3.16.2-1-ARCH #1 SMP PREEMPT Sat Sep 6 13:12:51 CEST 2014 x86_64
libc:glibc 2.19 NPTL 2.19 
rlimit: STACK 8192k, CORE 0k, NPROC 8002, NOFILE 4096, AS infinity
load average:0.39 0.32 0.35

/proc/meminfo:
MemTotal:        2054220 kB
MemFree:          260804 kB
MemAvailable:     605248 kB
Buffers:           19052 kB
Cached:           415200 kB
SwapCached:         1764 kB
Active:          1130968 kB
Inactive:         525284 kB
Active(anon):     892644 kB
Inactive(anon):   345580 kB
Active(file):     238324 kB
Inactive(file):   179704 kB
Unevictable:           0 kB
Mlocked:               0 kB
SwapTotal:       2415612 kB
SwapFree:        2398388 kB
Dirty:                 0 kB
Writeback:             0 kB
AnonPages:       1220376 kB
Mapped:           204476 kB
Shmem:             16224 kB
Slab:              92800 kB
SReclaimable:      78080 kB
SUnreclaim:        14720 kB
KernelStack:        4384 kB
PageTables:        15460 kB
NFS_Unstable:          0 kB
Bounce:                0 kB
WritebackTmp:          0 kB
CommitLimit:     3442720 kB
Committed_AS:    2759584 kB
VmallocTotal:   34359738367 kB
VmallocUsed:       26336 kB
VmallocChunk:   34359711735 kB
HardwareCorrupted:     0 kB
AnonHugePages:    641024 kB
HugePages_Total:       0
HugePages_Free:        0
HugePages_Rsvd:        0
HugePages_Surp:        0
Hugepagesize:       2048 kB
DirectMap4k:       30656 kB
DirectMap2M:     2066432 kB


CPU:total 2 (2 cores per cpu, 1 threads per core) family 6 model 58 stepping 9, cmov, cx8, fxsr, mmx, sse, sse2, sse3, ssse3, tsc

/proc/cpuinfo:
processor	: 0
vendor_id	: GenuineIntel
cpu family	: 6
model		: 58
model name	: Intel(R) Core(TM) i7-3517U CPU @ 1.90GHz
stepping	: 9
cpu MHz		: 2317.042
cache size	: 6144 KB
physical id	: 0
siblings	: 2
core id		: 0
cpu cores	: 2
apicid		: 0
initial apicid	: 0
fpu		: yes
fpu_exception	: yes
cpuid level	: 5
wp		: yes
flags		: fpu vme de pse tsc msr pae mce cx8 apic sep mtrr pge mca cmov pat pse36 clflush mmx fxsr sse sse2 ht syscall nx rdtscp lm constant_tsc rep_good nopl pni ssse3 lahf_lm
bogomips	: 4635.17
clflush size	: 64
cache_alignment	: 64
address sizes	: 36 bits physical, 48 bits virtual
power management:

processor	: 1
vendor_id	: GenuineIntel
cpu family	: 6
model		: 58
model name	: Intel(R) Core(TM) i7-3517U CPU @ 1.90GHz
stepping	: 9
cpu MHz		: 2317.042
cache size	: 6144 KB
physical id	: 0
siblings	: 2
core id		: 1
cpu cores	: 2
apicid		: 1
initial apicid	: 1
fpu		: yes
fpu_exception	: yes
cpuid level	: 5
wp		: yes
flags		: fpu vme de pse tsc msr pae mce cx8 apic sep mtrr pge mca cmov pat pse36 clflush mmx fxsr sse sse2 ht syscall nx rdtscp lm constant_tsc rep_good nopl pni ssse3 lahf_lm
bogomips	: 4635.17
clflush size	: 64
cache_alignment	: 64
address sizes	: 36 bits physical, 48 bits virtual
power management:



Memory: 4k page, physical 2054220k(260804k free), swap 2415612k(2398388k free)

vm_info: OpenJDK 64-Bit Server VM (24.65-b04) for linux-amd64 JRE (1.7.0_65-b32), built on Sep 15 2014 19:56:21 by "nobody" with gcc 4.9.1

time: Sat Sep 20 17:33:17 2014
elapsed time: 0 seconds

